<?xml version="1.0" encoding="utf-8"?><testsuites name="pytest tests"><testsuite name="pytest" errors="0" failures="0" skipped="0" tests="12" time="11.262" timestamp="2026-06-05T17:26:01.770977+00:00" hostname="agent-env-51fe8f7f-4145-4cb9-b8c6-901af7a0363c"><testcase classname="backend.tests.test_bud_backend" name="test_health_returns_mongo_and_memory_true" time="0.258" /><testcase classname="backend.tests.test_bud_backend" name="test_agent_mail_config_has_required_fields" time="0.068" /><testcase classname="backend.tests.test_bud_backend" name="test_inbox_rejects_wrong_token" time="0.062" /><testcase classname="backend.tests.test_bud_backend" name="test_inbox_accepts_correct_token_and_persists" time="0.208" /><testcase classname="backend.tests.test_bud_backend" name="test_send_to_nine_delivers" time="0.308" /><testcase classname="backend.tests.test_bud_backend" name="test_send_to_og_delivers" time="0.361" /><testcase classname="backend.tests.test_bud_backend" name="test_nine_brain_stats_direct" time="0.123" /><testcase classname="backend.tests.test_bud_backend" name="test_outlook_status_connected" time="0.059" /><testcase classname="backend.tests.test_bud_backend" name="test_briefing_preview_has_sections" time="8.516" /><testcase classname="backend.tests.test_bud_backend" name="test_assets_endpoint_returns_list" time="0.062" /><testcase classname="backend.tests.test_bud_backend" name="test_voice_rt_mint_clean_response" time="0.561" /><testcase classname="backend.tests.test_bud_backend" name="test_trip_return_router_responds" time="0.587" /></testsuite></testsuites>